<?xml version="1.0" encoding="UTF-8"?>
<testsuite xmlns:xsi="http://www.w3.org/2001/XMLSchema-instance" xsi:noNamespaceSchemaLocation="https://maven.apache.org/surefire/maven-surefire-plugin/xsd/surefire-test-report.xsd" version="3.0.2" name="com.util.crypto.extension.test.CryptoUtilExtensionDevModeTest" time="5.031" tests="1" errors="0" skipped="0" failures="0">
  <properties>
    <property name="java.specification.version" value="21"/>
    <property name="sun.cpu.isalist" value="amd64"/>
    <property name="sun.jnu.encoding" value="Cp1252"/>
    <property name="java.class.path" value="D:\Shubham Practice Data\crypto-util-extension\deployment\target\test-classes;D:\Shubham Practice Data\crypto-util-extension\deployment\target\classes;C:\Users\Siddhatech\.m2\repository\io\quarkus\quarkus-arc-deployment\3.19.1\quarkus-arc-deployment-3.19.1.jar;C:\Users\Siddhatech\.m2\repository\io\quarkus\quarkus-smallrye-context-propagation-spi\3.19.1\quarkus-smallrye-context-propagation-spi-3.19.1.jar;C:\Users\Siddhatech\.m2\repository\io\quarkus\quarkus-vertx-http-dev-ui-spi\3.19.1\quarkus-vertx-http-dev-ui-spi-3.19.1.jar;C:\Users\Siddhatech\.m2\repository\io\quarkus\arc\arc-processor\3.19.1\arc-processor-3.19.1.jar;C:\Users\Siddhatech\.m2\repository\io\quarkus\quarkus-arc-test-supplement\3.19.1\quarkus-arc-test-supplement-3.19.1.jar;C:\Users\Siddhatech\.m2\repository\io\quarkus\quarkus-core-deployment\3.19.1\quarkus-core-deployment-3.19.1.jar;C:\Users\Siddhatech\.m2\repository\io\quarkus\quarkus-classloader-commons\3.19.1\quarkus-classloader-commons-3.19.1.jar;C:\Users\Siddhatech\.m2\repository\org\aesh\readline\2.6\readline-2.6.jar;C:\Users\Siddhatech\.m2\repository\org\fusesource\jansi\jansi\2.4.0\jansi-2.4.0.jar;C:\Users\Siddhatech\.m2\repository\org\aesh\aesh\2.8.2\aesh-2.8.2.jar;C:\Users\Siddhatech\.m2\repository\org\apache\commons\commons-lang3\3.17.0\commons-lang3-3.17.0.jar;C:\Users\Siddhatech\.m2\repository\org\wildfly\common\wildfly-common\2.0.1\wildfly-common-2.0.1.jar;C:\Users\Siddhatech\.m2\repository\io\smallrye\common\smallrye-common-cpu\2.10.0\smallrye-common-cpu-2.10.0.jar;C:\Users\Siddhatech\.m2\repository\io\smallrye\common\smallrye-common-expression\2.10.0\smallrye-common-expression-2.10.0.jar;C:\Users\Siddhatech\.m2\repository\io\smallrye\common\smallrye-common-net\2.10.0\smallrye-common-net-2.10.0.jar;C:\Users\Siddhatech\.m2\repository\io\smallrye\common\smallrye-common-os\2.10.0\smallrye-common-os-2.10.0.jar;C:\Users\Siddhatech\.m2\repository\io\smallrye\common\smallrye-common-ref\2.10.0\smallrye-common-ref-2.10.0.jar;C:\Users\Siddhatech\.m2\repository\io\quarkus\gizmo\gizmo\1.8.0\gizmo-1.8.0.jar;C:\Users\Siddhatech\.m2\repository\org\ow2\asm\asm-util\9.7.1\asm-util-9.7.1.jar;C:\Users\Siddhatech\.m2\repository\org\ow2\asm\asm-analysis\9.7.1\asm-analysis-9.7.1.jar;C:\Users\Siddhatech\.m2\repository\io\smallrye\jandex\3.2.7\jandex-3.2.7.jar;C:\Users\Siddhatech\.m2\repository\org\ow2\asm\asm\9.7.1\asm-9.7.1.jar;C:\Users\Siddhatech\.m2\repository\org\ow2\asm\asm-commons\9.7.1\asm-commons-9.7.1.jar;C:\Users\Siddhatech\.m2\repository\org\ow2\asm\asm-tree\9.7.1\asm-tree-9.7.1.jar;C:\Users\Siddhatech\.m2\repository\io\quarkus\quarkus-development-mode-spi\3.19.1\quarkus-development-mode-spi-3.19.1.jar;C:\Users\Siddhatech\.m2\repository\io\quarkus\quarkus-hibernate-validator-spi\3.19.1\quarkus-hibernate-validator-spi-3.19.1.jar;C:\Users\Siddhatech\.m2\repository\io\quarkus\quarkus-class-change-agent\3.19.1\quarkus-class-change-agent-3.19.1.jar;C:\Users\Siddhatech\.m2\repository\io\quarkus\quarkus-bootstrap-core\3.19.1\quarkus-bootstrap-core-3.19.1.jar;C:\Users\Siddhatech\.m2\repository\io\quarkus\quarkus-bootstrap-app-model\3.19.1\quarkus-bootstrap-app-model-3.19.1.jar;C:\Users\Siddhatech\.m2\repository\io\smallrye\common\smallrye-common-io\2.10.0\smallrye-common-io-2.10.0.jar;C:\Users\Siddhatech\.m2\repository\io\quarkus\quarkus-devtools-utilities\3.19.1\quarkus-devtools-utilities-3.19.1.jar;C:\Users\Siddhatech\.m2\repository\org\eclipse\sisu\org.eclipse.sisu.inject\0.9.0.M3\org.eclipse.sisu.inject-0.9.0.M3.jar;C:\Users\Siddhatech\.m2\repository\io\quarkus\quarkus-core\3.19.1\quarkus-core-3.19.1.jar;C:\Users\Siddhatech\.m2\repository\io\quarkus\quarkus-ide-launcher\3.19.1\quarkus-ide-launcher-3.19.1.jar;C:\Users\Siddhatech\.m2\repository\io\smallrye\config\smallrye-config\3.11.4\smallrye-config-3.11.4.jar;C:\Users\Siddhatech\.m2\repository\io\smallrye\config\smallrye-config-core\3.11.4\smallrye-config-core-3.11.4.jar;C:\Users\Siddhatech\.m2\repository\org\eclipse\microprofile\config\microprofile-config-api\3.1\microprofile-config-api-3.1.jar;C:\Users\Siddhatech\.m2\repository\io\smallrye\common\smallrye-common-classloader\2.10.0\smallrye-common-classloader-2.10.0.jar;C:\Users\Siddhatech\.m2\repository\io\smallrye\config\smallrye-config-common\3.11.4\smallrye-config-common-3.11.4.jar;C:\Users\Siddhatech\.m2\repository\org\jboss\logmanager\jboss-logmanager\3.1.1.Final\jboss-logmanager-3.1.1.Final.jar;C:\Users\Siddhatech\.m2\repository\jakarta\json\jakarta.json-api\2.1.3\jakarta.json-api-2.1.3.jar;C:\Users\Siddhatech\.m2\repository\org\eclipse\parsson\parsson\1.1.7\parsson-1.1.7.jar;C:\Users\Siddhatech\.m2\repository\org\jboss\logging\jboss-logging-annotations\3.0.3.Final\jboss-logging-annotations-3.0.3.Final.jar;C:\Users\Siddhatech\.m2\repository\org\slf4j\slf4j-api\2.0.6\slf4j-api-2.0.6.jar;C:\Users\Siddhatech\.m2\repository\org\jboss\slf4j\slf4j-jboss-logmanager\2.0.0.Final\slf4j-jboss-logmanager-2.0.0.Final.jar;C:\Users\Siddhatech\.m2\repository\io\quarkus\quarkus-bootstrap-runner\3.19.1\quarkus-bootstrap-runner-3.19.1.jar;C:\Users\Siddhatech\.m2\repository\io\github\crac\org-crac\0.1.3\org-crac-0.1.3.jar;C:\Users\Siddhatech\.m2\repository\io\quarkus\quarkus-fs-util\0.0.10\quarkus-fs-util-0.0.10.jar;C:\Users\Siddhatech\.m2\repository\org\graalvm\sdk\nativeimage\23.1.2\nativeimage-23.1.2.jar;C:\Users\Siddhatech\.m2\repository\org\graalvm\sdk\word\23.1.2\word-23.1.2.jar;C:\Users\Siddhatech\.m2\repository\org\junit\platform\junit-platform-launcher\1.10.5\junit-platform-launcher-1.10.5.jar;C:\Users\Siddhatech\.m2\repository\org\junit\platform\junit-platform-engine\1.10.5\junit-platform-engine-1.10.5.jar;C:\Users\Siddhatech\.m2\repository\org\apiguardian\apiguardian-api\1.1.2\apiguardian-api-1.1.2.jar;C:\Users\Siddhatech\.m2\repository\org\junit\jupiter\junit-jupiter\5.10.5\junit-jupiter-5.10.5.jar;C:\Users\Siddhatech\.m2\repository\io\quarkus\quarkus-builder\3.19.1\quarkus-builder-3.19.1.jar;C:\Users\Siddhatech\.m2\repository\io\smallrye\common\smallrye-common-constraint\2.10.0\smallrye-common-constraint-2.10.0.jar;C:\Users\Siddhatech\.m2\repository\org\jboss\logging\jboss-logging\3.6.1.Final\jboss-logging-3.6.1.Final.jar;C:\Users\Siddhatech\.m2\repository\org\jboss\threads\jboss-threads\3.8.0.Final\jboss-threads-3.8.0.Final.jar;C:\Users\Siddhatech\.m2\repository\io\smallrye\common\smallrye-common-annotation\2.10.0\smallrye-common-annotation-2.10.0.jar;C:\Users\Siddhatech\.m2\repository\io\smallrye\common\smallrye-common-function\2.10.0\smallrye-common-function-2.10.0.jar;C:\Users\Siddhatech\.m2\repository\io\quarkus\quarkus-arc\3.19.1\quarkus-arc-3.19.1.jar;C:\Users\Siddhatech\.m2\repository\io\quarkus\arc\arc\3.19.1\arc-3.19.1.jar;C:\Users\Siddhatech\.m2\repository\jakarta\transaction\jakarta.transaction-api\2.0.1\jakarta.transaction-api-2.0.1.jar;C:\Users\Siddhatech\.m2\repository\io\smallrye\reactive\mutiny\2.8.0\mutiny-2.8.0.jar;C:\Users\Siddhatech\.m2\repository\org\jctools\jctools-core\4.0.5\jctools-core-4.0.5.jar;C:\Users\Siddhatech\.m2\repository\org\eclipse\microprofile\context-propagation\microprofile-context-propagation-api\1.3\microprofile-context-propagation-api-1.3.jar;D:\Shubham Practice Data\crypto-util-extension\runtime\target\crypto-util-extension-1.0.0.jar;C:\Users\Siddhatech\.m2\repository\io\quarkus\quarkus-junit5-internal\3.19.1\quarkus-junit5-internal-3.19.1.jar;C:\Users\Siddhatech\.m2\repository\org\jboss\shrinkwrap\shrinkwrap-api\1.2.6\shrinkwrap-api-1.2.6.jar;C:\Users\Siddhatech\.m2\repository\org\jboss\shrinkwrap\shrinkwrap-spi\1.2.6\shrinkwrap-spi-1.2.6.jar;C:\Users\Siddhatech\.m2\repository\org\jboss\shrinkwrap\shrinkwrap-impl-base\1.2.6\shrinkwrap-impl-base-1.2.6.jar;C:\Users\Siddhatech\.m2\repository\org\junit\jupiter\junit-jupiter-api\5.10.5\junit-jupiter-api-5.10.5.jar;C:\Users\Siddhatech\.m2\repository\org\opentest4j\opentest4j\1.3.0\opentest4j-1.3.0.jar;C:\Users\Siddhatech\.m2\repository\org\junit\platform\junit-platform-commons\1.10.5\junit-platform-commons-1.10.5.jar;C:\Users\Siddhatech\.m2\repository\org\junit\jupiter\junit-jupiter-params\5.10.5\junit-jupiter-params-5.10.5.jar;C:\Users\Siddhatech\.m2\repository\org\junit\jupiter\junit-jupiter-engine\5.10.5\junit-jupiter-engine-5.10.5.jar;C:\Users\Siddhatech\.m2\repository\io\quarkus\quarkus-junit5-config\3.19.1\quarkus-junit5-config-3.19.1.jar;C:\Users\Siddhatech\.m2\repository\io\quarkus\quarkus-test-common\3.19.1\quarkus-test-common-3.19.1.jar;C:\Users\Siddhatech\.m2\repository\io\quarkus\quarkus-bootstrap-maven-resolver\3.19.1\quarkus-bootstrap-maven-resolver-3.19.1.jar;C:\Users\Siddhatech\.m2\repository\io\smallrye\beanbag\smallrye-beanbag-maven\1.5.2\smallrye-beanbag-maven-1.5.2.jar;C:\Users\Siddhatech\.m2\repository\io\smallrye\beanbag\smallrye-beanbag-sisu\1.5.2\smallrye-beanbag-sisu-1.5.2.jar;C:\Users\Siddhatech\.m2\repository\io\smallrye\beanbag\smallrye-beanbag\1.5.2\smallrye-beanbag-1.5.2.jar;C:\Users\Siddhatech\.m2\repository\commons-codec\commons-codec\1.18.0\commons-codec-1.18.0.jar;C:\Users\Siddhatech\.m2\repository\javax\inject\javax.inject\1\javax.inject-1.jar;C:\Users\Siddhatech\.m2\repository\org\apache\httpcomponents\httpclient\4.5.14\httpclient-4.5.14.jar;C:\Users\Siddhatech\.m2\repository\org\apache\httpcomponents\httpcore\4.4.16\httpcore-4.4.16.jar;C:\Users\Siddhatech\.m2\repository\org\apache\maven\maven-artifact\3.9.9\maven-artifact-3.9.9.jar;C:\Users\Siddhatech\.m2\repository\org\apache\maven\maven-builder-support\3.9.9\maven-builder-support-3.9.9.jar;C:\Users\Siddhatech\.m2\repository\org\apache\maven\maven-model\3.9.9\maven-model-3.9.9.jar;C:\Users\Siddhatech\.m2\repository\org\apache\maven\maven-model-builder\3.9.9\maven-model-builder-3.9.9.jar;C:\Users\Siddhatech\.m2\repository\org\apache\maven\maven-repository-metadata\3.9.9\maven-repository-metadata-3.9.9.jar;C:\Users\Siddhatech\.m2\repository\org\apache\maven\maven-settings\3.9.9\maven-settings-3.9.9.jar;C:\Users\Siddhatech\.m2\repository\org\apache\maven\resolver\maven-resolver-api\1.9.22\maven-resolver-api-1.9.22.jar;C:\Users\Siddhatech\.m2\repository\org\apache\maven\resolver\maven-resolver-impl\1.9.22\maven-resolver-impl-1.9.22.jar;C:\Users\Siddhatech\.m2\repository\org\apache\maven\resolver\maven-resolver-named-locks\1.9.22\maven-resolver-named-locks-1.9.22.jar;C:\Users\Siddhatech\.m2\repository\org\apache\maven\resolver\maven-resolver-spi\1.9.22\maven-resolver-spi-1.9.22.jar;C:\Users\Siddhatech\.m2\repository\org\apache\maven\resolver\maven-resolver-util\1.9.22\maven-resolver-util-1.9.22.jar;C:\Users\Siddhatech\.m2\repository\org\apache\maven\resolver\maven-resolver-transport-http\1.9.20\maven-resolver-transport-http-1.9.20.jar;C:\Users\Siddhatech\.m2\repository\org\apache\maven\wagon\wagon-provider-api\3.5.3\wagon-provider-api-3.5.3.jar;C:\Users\Siddhatech\.m2\repository\org\apache\maven\wagon\wagon-http-shared\3.5.3\wagon-http-shared-3.5.3.jar;C:\Users\Siddhatech\.m2\repository\org\codehaus\plexus\plexus-interpolation\1.26\plexus-interpolation-1.26.jar;C:\Users\Siddhatech\.m2\repository\org\codehaus\plexus\plexus-utils\3.5.1\plexus-utils-3.5.1.jar;C:\Users\Siddhatech\.m2\repository\org\codehaus\plexus\plexus-xml\4.0.1\plexus-xml-4.0.1.jar;C:\Users\Siddhatech\.m2\repository\org\apache\maven\maven-xml-impl\4.0.0-alpha-5\maven-xml-impl-4.0.0-alpha-5.jar;C:\Users\Siddhatech\.m2\repository\org\apache\maven\maven-api-xml\4.0.0-alpha-5\maven-api-xml-4.0.0-alpha-5.jar;C:\Users\Siddhatech\.m2\repository\org\apache\maven\maven-api-meta\4.0.0-alpha-5\maven-api-meta-4.0.0-alpha-5.jar;C:\Users\Siddhatech\.m2\repository\org\codehaus\plexus\plexus-cipher\2.0\plexus-cipher-2.0.jar;C:\Users\Siddhatech\.m2\repository\org\codehaus\plexus\plexus-sec-dispatcher\2.0\plexus-sec-dispatcher-2.0.jar;C:\Users\Siddhatech\.m2\repository\org\apache\maven\maven-embedder\3.9.9\maven-embedder-3.9.9.jar;C:\Users\Siddhatech\.m2\repository\org\apache\maven\maven-core\3.9.9\maven-core-3.9.9.jar;C:\Users\Siddhatech\.m2\repository\org\codehaus\plexus\plexus-component-annotations\2.1.0\plexus-component-annotations-2.1.0.jar;C:\Users\Siddhatech\.m2\repository\org\apache\maven\maven-plugin-api\3.9.9\maven-plugin-api-3.9.9.jar;C:\Users\Siddhatech\.m2\repository\org\apache\maven\shared\maven-shared-utils\3.4.2\maven-shared-utils-3.4.2.jar;C:\Users\Siddhatech\.m2\repository\com\google\inject\guice\5.1.0\guice-5.1.0.jar;C:\Users\Siddhatech\.m2\repository\aopalliance\aopalliance\1.0\aopalliance-1.0.jar;C:\Users\Siddhatech\.m2\repository\com\google\guava\guava\33.4.0-jre\guava-33.4.0-jre.jar;C:\Users\Siddhatech\.m2\repository\com\google\guava\failureaccess\1.0.1\failureaccess-1.0.1.jar;C:\Users\Siddhatech\.m2\repository\javax\annotation\javax.annotation-api\1.3.2\javax.annotation-api-1.3.2.jar;C:\Users\Siddhatech\.m2\repository\org\codehaus\plexus\plexus-classworlds\2.6.0\plexus-classworlds-2.6.0.jar;C:\Users\Siddhatech\.m2\repository\commons-cli\commons-cli\1.8.0\commons-cli-1.8.0.jar;C:\Users\Siddhatech\.m2\repository\org\eclipse\sisu\org.eclipse.sisu.plexus\0.9.0.M3\org.eclipse.sisu.plexus-0.9.0.M3.jar;C:\Users\Siddhatech\.m2\repository\org\apache\maven\maven-settings-builder\3.9.9\maven-settings-builder-3.9.9.jar;C:\Users\Siddhatech\.m2\repository\org\apache\maven\maven-resolver-provider\3.9.9\maven-resolver-provider-3.9.9.jar;C:\Users\Siddhatech\.m2\repository\org\apache\maven\resolver\maven-resolver-connector-basic\1.9.22\maven-resolver-connector-basic-1.9.22.jar;C:\Users\Siddhatech\.m2\repository\org\apache\maven\resolver\maven-resolver-transport-wagon\1.9.22\maven-resolver-transport-wagon-1.9.22.jar;C:\Users\Siddhatech\.m2\repository\org\apache\maven\wagon\wagon-http\3.5.3\wagon-http-3.5.3.jar;C:\Users\Siddhatech\.m2\repository\org\apache\maven\wagon\wagon-file\3.5.3\wagon-file-3.5.3.jar;C:\Users\Siddhatech\.m2\repository\io\quarkus\quarkus-bootstrap-gradle-resolver\3.19.1\quarkus-bootstrap-gradle-resolver-3.19.1.jar;C:\Users\Siddhatech\.m2\repository\commons-io\commons-io\2.18.0\commons-io-2.18.0.jar;C:\Users\Siddhatech\.m2\repository\org\jboss\logging\commons-logging-jboss-logging\1.0.0.Final\commons-logging-jboss-logging-1.0.0.Final.jar;C:\Users\Siddhatech\.m2\repository\org\awaitility\awaitility\4.2.2\awaitility-4.2.2.jar;C:\Users\Siddhatech\.m2\repository\org\hamcrest\hamcrest\2.2\hamcrest-2.2.jar;C:\Users\Siddhatech\.m2\repository\jakarta\enterprise\jakarta.enterprise.cdi-api\4.1.0\jakarta.enterprise.cdi-api-4.1.0.jar;C:\Users\Siddhatech\.m2\repository\jakarta\enterprise\jakarta.enterprise.lang-model\4.1.0\jakarta.enterprise.lang-model-4.1.0.jar;C:\Users\Siddhatech\.m2\repository\jakarta\el\jakarta.el-api\5.0.1\jakarta.el-api-5.0.1.jar;C:\Users\Siddhatech\.m2\repository\jakarta\interceptor\jakarta.interceptor-api\2.2.0\jakarta.interceptor-api-2.2.0.jar;C:\Users\Siddhatech\.m2\repository\jakarta\inject\jakarta.inject-api\2.0.1\jakarta.inject-api-2.0.1.jar;C:\Users\Siddhatech\.m2\repository\jakarta\annotation\jakarta.annotation-api\3.0.0\jakarta.annotation-api-3.0.0.jar;C:\Users\Siddhatech\.m2\repository\jakarta\ws\rs\jakarta.ws.rs-api\3.1.0\jakarta.ws.rs-api-3.1.0.jar;"/>
    <property name="java.vm.vendor" value="Oracle Corporation"/>
    <property name="sun.arch.data.model" value="64"/>
    <property name="user.variant" value=""/>
    <property name="java.vendor.url" value="https://java.oracle.com/"/>
    <property name="user.timezone" value="Asia/Calcutta"/>
    <property name="logging.initial-configurator.min-level" value="500"/>
    <property name="os.name" value="Windows 11"/>
    <property name="java.vm.specification.version" value="21"/>
    <property name="sun.java.launcher" value="SUN_STANDARD"/>
    <property name="user.country" value="IN"/>
    <property name="groovy.use.classvalue" value="false"/>
    <property name="sun.boot.library.path" value="C:\Program Files\Java\jdk-21\bin"/>
    <property name="sun.java.command" value="C:\Users\Siddhatech\AppData\Local\Temp\surefire5703863204712432973\surefirebooter-20250305145637505_3.jar C:\Users\Siddhatech\AppData\Local\Temp\surefire5703863204712432973 2025-03-05T14-56-35_754-jvmRun1 surefire-20250305145637505_1tmp surefire_0-20250305145637505_2tmp"/>
    <property name="jdk.debug" value="release"/>
    <property name="maven.home" value="C:\Program Files\apache-maven-3.9.9"/>
    <property name="surefire.test.class.path" value="D:\Shubham Practice Data\crypto-util-extension\deployment\target\test-classes;D:\Shubham Practice Data\crypto-util-extension\deployment\target\classes;C:\Users\Siddhatech\.m2\repository\io\quarkus\quarkus-arc-deployment\3.19.1\quarkus-arc-deployment-3.19.1.jar;C:\Users\Siddhatech\.m2\repository\io\quarkus\quarkus-smallrye-context-propagation-spi\3.19.1\quarkus-smallrye-context-propagation-spi-3.19.1.jar;C:\Users\Siddhatech\.m2\repository\io\quarkus\quarkus-vertx-http-dev-ui-spi\3.19.1\quarkus-vertx-http-dev-ui-spi-3.19.1.jar;C:\Users\Siddhatech\.m2\repository\io\quarkus\arc\arc-processor\3.19.1\arc-processor-3.19.1.jar;C:\Users\Siddhatech\.m2\repository\io\quarkus\quarkus-arc-test-supplement\3.19.1\quarkus-arc-test-supplement-3.19.1.jar;C:\Users\Siddhatech\.m2\repository\io\quarkus\quarkus-core-deployment\3.19.1\quarkus-core-deployment-3.19.1.jar;C:\Users\Siddhatech\.m2\repository\io\quarkus\quarkus-classloader-commons\3.19.1\quarkus-classloader-commons-3.19.1.jar;C:\Users\Siddhatech\.m2\repository\org\aesh\readline\2.6\readline-2.6.jar;C:\Users\Siddhatech\.m2\repository\org\fusesource\jansi\jansi\2.4.0\jansi-2.4.0.jar;C:\Users\Siddhatech\.m2\repository\org\aesh\aesh\2.8.2\aesh-2.8.2.jar;C:\Users\Siddhatech\.m2\repository\org\apache\commons\commons-lang3\3.17.0\commons-lang3-3.17.0.jar;C:\Users\Siddhatech\.m2\repository\org\wildfly\common\wildfly-common\2.0.1\wildfly-common-2.0.1.jar;C:\Users\Siddhatech\.m2\repository\io\smallrye\common\smallrye-common-cpu\2.10.0\smallrye-common-cpu-2.10.0.jar;C:\Users\Siddhatech\.m2\repository\io\smallrye\common\smallrye-common-expression\2.10.0\smallrye-common-expression-2.10.0.jar;C:\Users\Siddhatech\.m2\repository\io\smallrye\common\smallrye-common-net\2.10.0\smallrye-common-net-2.10.0.jar;C:\Users\Siddhatech\.m2\repository\io\smallrye\common\smallrye-common-os\2.10.0\smallrye-common-os-2.10.0.jar;C:\Users\Siddhatech\.m2\repository\io\smallrye\common\smallrye-common-ref\2.10.0\smallrye-common-ref-2.10.0.jar;C:\Users\Siddhatech\.m2\repository\io\quarkus\gizmo\gizmo\1.8.0\gizmo-1.8.0.jar;C:\Users\Siddhatech\.m2\repository\org\ow2\asm\asm-util\9.7.1\asm-util-9.7.1.jar;C:\Users\Siddhatech\.m2\repository\org\ow2\asm\asm-analysis\9.7.1\asm-analysis-9.7.1.jar;C:\Users\Siddhatech\.m2\repository\io\smallrye\jandex\3.2.7\jandex-3.2.7.jar;C:\Users\Siddhatech\.m2\repository\org\ow2\asm\asm\9.7.1\asm-9.7.1.jar;C:\Users\Siddhatech\.m2\repository\org\ow2\asm\asm-commons\9.7.1\asm-commons-9.7.1.jar;C:\Users\Siddhatech\.m2\repository\org\ow2\asm\asm-tree\9.7.1\asm-tree-9.7.1.jar;C:\Users\Siddhatech\.m2\repository\io\quarkus\quarkus-development-mode-spi\3.19.1\quarkus-development-mode-spi-3.19.1.jar;C:\Users\Siddhatech\.m2\repository\io\quarkus\quarkus-hibernate-validator-spi\3.19.1\quarkus-hibernate-validator-spi-3.19.1.jar;C:\Users\Siddhatech\.m2\repository\io\quarkus\quarkus-class-change-agent\3.19.1\quarkus-class-change-agent-3.19.1.jar;C:\Users\Siddhatech\.m2\repository\io\quarkus\quarkus-bootstrap-core\3.19.1\quarkus-bootstrap-core-3.19.1.jar;C:\Users\Siddhatech\.m2\repository\io\quarkus\quarkus-bootstrap-app-model\3.19.1\quarkus-bootstrap-app-model-3.19.1.jar;C:\Users\Siddhatech\.m2\repository\io\smallrye\common\smallrye-common-io\2.10.0\smallrye-common-io-2.10.0.jar;C:\Users\Siddhatech\.m2\repository\io\quarkus\quarkus-devtools-utilities\3.19.1\quarkus-devtools-utilities-3.19.1.jar;C:\Users\Siddhatech\.m2\repository\org\eclipse\sisu\org.eclipse.sisu.inject\0.9.0.M3\org.eclipse.sisu.inject-0.9.0.M3.jar;C:\Users\Siddhatech\.m2\repository\io\quarkus\quarkus-core\3.19.1\quarkus-core-3.19.1.jar;C:\Users\Siddhatech\.m2\repository\io\quarkus\quarkus-ide-launcher\3.19.1\quarkus-ide-launcher-3.19.1.jar;C:\Users\Siddhatech\.m2\repository\io\smallrye\config\smallrye-config\3.11.4\smallrye-config-3.11.4.jar;C:\Users\Siddhatech\.m2\repository\io\smallrye\config\smallrye-config-core\3.11.4\smallrye-config-core-3.11.4.jar;C:\Users\Siddhatech\.m2\repository\org\eclipse\microprofile\config\microprofile-config-api\3.1\microprofile-config-api-3.1.jar;C:\Users\Siddhatech\.m2\repository\io\smallrye\common\smallrye-common-classloader\2.10.0\smallrye-common-classloader-2.10.0.jar;C:\Users\Siddhatech\.m2\repository\io\smallrye\config\smallrye-config-common\3.11.4\smallrye-config-common-3.11.4.jar;C:\Users\Siddhatech\.m2\repository\org\jboss\logmanager\jboss-logmanager\3.1.1.Final\jboss-logmanager-3.1.1.Final.jar;C:\Users\Siddhatech\.m2\repository\jakarta\json\jakarta.json-api\2.1.3\jakarta.json-api-2.1.3.jar;C:\Users\Siddhatech\.m2\repository\org\eclipse\parsson\parsson\1.1.7\parsson-1.1.7.jar;C:\Users\Siddhatech\.m2\repository\org\jboss\logging\jboss-logging-annotations\3.0.3.Final\jboss-logging-annotations-3.0.3.Final.jar;C:\Users\Siddhatech\.m2\repository\org\slf4j\slf4j-api\2.0.6\slf4j-api-2.0.6.jar;C:\Users\Siddhatech\.m2\repository\org\jboss\slf4j\slf4j-jboss-logmanager\2.0.0.Final\slf4j-jboss-logmanager-2.0.0.Final.jar;C:\Users\Siddhatech\.m2\repository\io\quarkus\quarkus-bootstrap-runner\3.19.1\quarkus-bootstrap-runner-3.19.1.jar;C:\Users\Siddhatech\.m2\repository\io\github\crac\org-crac\0.1.3\org-crac-0.1.3.jar;C:\Users\Siddhatech\.m2\repository\io\quarkus\quarkus-fs-util\0.0.10\quarkus-fs-util-0.0.10.jar;C:\Users\Siddhatech\.m2\repository\org\graalvm\sdk\nativeimage\23.1.2\nativeimage-23.1.2.jar;C:\Users\Siddhatech\.m2\repository\org\graalvm\sdk\word\23.1.2\word-23.1.2.jar;C:\Users\Siddhatech\.m2\repository\org\junit\platform\junit-platform-launcher\1.10.5\junit-platform-launcher-1.10.5.jar;C:\Users\Siddhatech\.m2\repository\org\junit\platform\junit-platform-engine\1.10.5\junit-platform-engine-1.10.5.jar;C:\Users\Siddhatech\.m2\repository\org\apiguardian\apiguardian-api\1.1.2\apiguardian-api-1.1.2.jar;C:\Users\Siddhatech\.m2\repository\org\junit\jupiter\junit-jupiter\5.10.5\junit-jupiter-5.10.5.jar;C:\Users\Siddhatech\.m2\repository\io\quarkus\quarkus-builder\3.19.1\quarkus-builder-3.19.1.jar;C:\Users\Siddhatech\.m2\repository\io\smallrye\common\smallrye-common-constraint\2.10.0\smallrye-common-constraint-2.10.0.jar;C:\Users\Siddhatech\.m2\repository\org\jboss\logging\jboss-logging\3.6.1.Final\jboss-logging-3.6.1.Final.jar;C:\Users\Siddhatech\.m2\repository\org\jboss\threads\jboss-threads\3.8.0.Final\jboss-threads-3.8.0.Final.jar;C:\Users\Siddhatech\.m2\repository\io\smallrye\common\smallrye-common-annotation\2.10.0\smallrye-common-annotation-2.10.0.jar;C:\Users\Siddhatech\.m2\repository\io\smallrye\common\smallrye-common-function\2.10.0\smallrye-common-function-2.10.0.jar;C:\Users\Siddhatech\.m2\repository\io\quarkus\quarkus-arc\3.19.1\quarkus-arc-3.19.1.jar;C:\Users\Siddhatech\.m2\repository\io\quarkus\arc\arc\3.19.1\arc-3.19.1.jar;C:\Users\Siddhatech\.m2\repository\jakarta\transaction\jakarta.transaction-api\2.0.1\jakarta.transaction-api-2.0.1.jar;C:\Users\Siddhatech\.m2\repository\io\smallrye\reactive\mutiny\2.8.0\mutiny-2.8.0.jar;C:\Users\Siddhatech\.m2\repository\org\jctools\jctools-core\4.0.5\jctools-core-4.0.5.jar;C:\Users\Siddhatech\.m2\repository\org\eclipse\microprofile\context-propagation\microprofile-context-propagation-api\1.3\microprofile-context-propagation-api-1.3.jar;D:\Shubham Practice Data\crypto-util-extension\runtime\target\crypto-util-extension-1.0.0.jar;C:\Users\Siddhatech\.m2\repository\io\quarkus\quarkus-junit5-internal\3.19.1\quarkus-junit5-internal-3.19.1.jar;C:\Users\Siddhatech\.m2\repository\org\jboss\shrinkwrap\shrinkwrap-api\1.2.6\shrinkwrap-api-1.2.6.jar;C:\Users\Siddhatech\.m2\repository\org\jboss\shrinkwrap\shrinkwrap-spi\1.2.6\shrinkwrap-spi-1.2.6.jar;C:\Users\Siddhatech\.m2\repository\org\jboss\shrinkwrap\shrinkwrap-impl-base\1.2.6\shrinkwrap-impl-base-1.2.6.jar;C:\Users\Siddhatech\.m2\repository\org\junit\jupiter\junit-jupiter-api\5.10.5\junit-jupiter-api-5.10.5.jar;C:\Users\Siddhatech\.m2\repository\org\opentest4j\opentest4j\1.3.0\opentest4j-1.3.0.jar;C:\Users\Siddhatech\.m2\repository\org\junit\platform\junit-platform-commons\1.10.5\junit-platform-commons-1.10.5.jar;C:\Users\Siddhatech\.m2\repository\org\junit\jupiter\junit-jupiter-params\5.10.5\junit-jupiter-params-5.10.5.jar;C:\Users\Siddhatech\.m2\repository\org\junit\jupiter\junit-jupiter-engine\5.10.5\junit-jupiter-engine-5.10.5.jar;C:\Users\Siddhatech\.m2\repository\io\quarkus\quarkus-junit5-config\3.19.1\quarkus-junit5-config-3.19.1.jar;C:\Users\Siddhatech\.m2\repository\io\quarkus\quarkus-test-common\3.19.1\quarkus-test-common-3.19.1.jar;C:\Users\Siddhatech\.m2\repository\io\quarkus\quarkus-bootstrap-maven-resolver\3.19.1\quarkus-bootstrap-maven-resolver-3.19.1.jar;C:\Users\Siddhatech\.m2\repository\io\smallrye\beanbag\smallrye-beanbag-maven\1.5.2\smallrye-beanbag-maven-1.5.2.jar;C:\Users\Siddhatech\.m2\repository\io\smallrye\beanbag\smallrye-beanbag-sisu\1.5.2\smallrye-beanbag-sisu-1.5.2.jar;C:\Users\Siddhatech\.m2\repository\io\smallrye\beanbag\smallrye-beanbag\1.5.2\smallrye-beanbag-1.5.2.jar;C:\Users\Siddhatech\.m2\repository\commons-codec\commons-codec\1.18.0\commons-codec-1.18.0.jar;C:\Users\Siddhatech\.m2\repository\javax\inject\javax.inject\1\javax.inject-1.jar;C:\Users\Siddhatech\.m2\repository\org\apache\httpcomponents\httpclient\4.5.14\httpclient-4.5.14.jar;C:\Users\Siddhatech\.m2\repository\org\apache\httpcomponents\httpcore\4.4.16\httpcore-4.4.16.jar;C:\Users\Siddhatech\.m2\repository\org\apache\maven\maven-artifact\3.9.9\maven-artifact-3.9.9.jar;C:\Users\Siddhatech\.m2\repository\org\apache\maven\maven-builder-support\3.9.9\maven-builder-support-3.9.9.jar;C:\Users\Siddhatech\.m2\repository\org\apache\maven\maven-model\3.9.9\maven-model-3.9.9.jar;C:\Users\Siddhatech\.m2\repository\org\apache\maven\maven-model-builder\3.9.9\maven-model-builder-3.9.9.jar;C:\Users\Siddhatech\.m2\repository\org\apache\maven\maven-repository-metadata\3.9.9\maven-repository-metadata-3.9.9.jar;C:\Users\Siddhatech\.m2\repository\org\apache\maven\maven-settings\3.9.9\maven-settings-3.9.9.jar;C:\Users\Siddhatech\.m2\repository\org\apache\maven\resolver\maven-resolver-api\1.9.22\maven-resolver-api-1.9.22.jar;C:\Users\Siddhatech\.m2\repository\org\apache\maven\resolver\maven-resolver-impl\1.9.22\maven-resolver-impl-1.9.22.jar;C:\Users\Siddhatech\.m2\repository\org\apache\maven\resolver\maven-resolver-named-locks\1.9.22\maven-resolver-named-locks-1.9.22.jar;C:\Users\Siddhatech\.m2\repository\org\apache\maven\resolver\maven-resolver-spi\1.9.22\maven-resolver-spi-1.9.22.jar;C:\Users\Siddhatech\.m2\repository\org\apache\maven\resolver\maven-resolver-util\1.9.22\maven-resolver-util-1.9.22.jar;C:\Users\Siddhatech\.m2\repository\org\apache\maven\resolver\maven-resolver-transport-http\1.9.20\maven-resolver-transport-http-1.9.20.jar;C:\Users\Siddhatech\.m2\repository\org\apache\maven\wagon\wagon-provider-api\3.5.3\wagon-provider-api-3.5.3.jar;C:\Users\Siddhatech\.m2\repository\org\apache\maven\wagon\wagon-http-shared\3.5.3\wagon-http-shared-3.5.3.jar;C:\Users\Siddhatech\.m2\repository\org\codehaus\plexus\plexus-interpolation\1.26\plexus-interpolation-1.26.jar;C:\Users\Siddhatech\.m2\repository\org\codehaus\plexus\plexus-utils\3.5.1\plexus-utils-3.5.1.jar;C:\Users\Siddhatech\.m2\repository\org\codehaus\plexus\plexus-xml\4.0.1\plexus-xml-4.0.1.jar;C:\Users\Siddhatech\.m2\repository\org\apache\maven\maven-xml-impl\4.0.0-alpha-5\maven-xml-impl-4.0.0-alpha-5.jar;C:\Users\Siddhatech\.m2\repository\org\apache\maven\maven-api-xml\4.0.0-alpha-5\maven-api-xml-4.0.0-alpha-5.jar;C:\Users\Siddhatech\.m2\repository\org\apache\maven\maven-api-meta\4.0.0-alpha-5\maven-api-meta-4.0.0-alpha-5.jar;C:\Users\Siddhatech\.m2\repository\org\codehaus\plexus\plexus-cipher\2.0\plexus-cipher-2.0.jar;C:\Users\Siddhatech\.m2\repository\org\codehaus\plexus\plexus-sec-dispatcher\2.0\plexus-sec-dispatcher-2.0.jar;C:\Users\Siddhatech\.m2\repository\org\apache\maven\maven-embedder\3.9.9\maven-embedder-3.9.9.jar;C:\Users\Siddhatech\.m2\repository\org\apache\maven\maven-core\3.9.9\maven-core-3.9.9.jar;C:\Users\Siddhatech\.m2\repository\org\codehaus\plexus\plexus-component-annotations\2.1.0\plexus-component-annotations-2.1.0.jar;C:\Users\Siddhatech\.m2\repository\org\apache\maven\maven-plugin-api\3.9.9\maven-plugin-api-3.9.9.jar;C:\Users\Siddhatech\.m2\repository\org\apache\maven\shared\maven-shared-utils\3.4.2\maven-shared-utils-3.4.2.jar;C:\Users\Siddhatech\.m2\repository\com\google\inject\guice\5.1.0\guice-5.1.0.jar;C:\Users\Siddhatech\.m2\repository\aopalliance\aopalliance\1.0\aopalliance-1.0.jar;C:\Users\Siddhatech\.m2\repository\com\google\guava\guava\33.4.0-jre\guava-33.4.0-jre.jar;C:\Users\Siddhatech\.m2\repository\com\google\guava\failureaccess\1.0.1\failureaccess-1.0.1.jar;C:\Users\Siddhatech\.m2\repository\javax\annotation\javax.annotation-api\1.3.2\javax.annotation-api-1.3.2.jar;C:\Users\Siddhatech\.m2\repository\org\codehaus\plexus\plexus-classworlds\2.6.0\plexus-classworlds-2.6.0.jar;C:\Users\Siddhatech\.m2\repository\commons-cli\commons-cli\1.8.0\commons-cli-1.8.0.jar;C:\Users\Siddhatech\.m2\repository\org\eclipse\sisu\org.eclipse.sisu.plexus\0.9.0.M3\org.eclipse.sisu.plexus-0.9.0.M3.jar;C:\Users\Siddhatech\.m2\repository\org\apache\maven\maven-settings-builder\3.9.9\maven-settings-builder-3.9.9.jar;C:\Users\Siddhatech\.m2\repository\org\apache\maven\maven-resolver-provider\3.9.9\maven-resolver-provider-3.9.9.jar;C:\Users\Siddhatech\.m2\repository\org\apache\maven\resolver\maven-resolver-connector-basic\1.9.22\maven-resolver-connector-basic-1.9.22.jar;C:\Users\Siddhatech\.m2\repository\org\apache\maven\resolver\maven-resolver-transport-wagon\1.9.22\maven-resolver-transport-wagon-1.9.22.jar;C:\Users\Siddhatech\.m2\repository\org\apache\maven\wagon\wagon-http\3.5.3\wagon-http-3.5.3.jar;C:\Users\Siddhatech\.m2\repository\org\apache\maven\wagon\wagon-file\3.5.3\wagon-file-3.5.3.jar;C:\Users\Siddhatech\.m2\repository\io\quarkus\quarkus-bootstrap-gradle-resolver\3.19.1\quarkus-bootstrap-gradle-resolver-3.19.1.jar;C:\Users\Siddhatech\.m2\repository\commons-io\commons-io\2.18.0\commons-io-2.18.0.jar;C:\Users\Siddhatech\.m2\repository\org\jboss\logging\commons-logging-jboss-logging\1.0.0.Final\commons-logging-jboss-logging-1.0.0.Final.jar;C:\Users\Siddhatech\.m2\repository\org\awaitility\awaitility\4.2.2\awaitility-4.2.2.jar;C:\Users\Siddhatech\.m2\repository\org\hamcrest\hamcrest\2.2\hamcrest-2.2.jar;C:\Users\Siddhatech\.m2\repository\jakarta\enterprise\jakarta.enterprise.cdi-api\4.1.0\jakarta.enterprise.cdi-api-4.1.0.jar;C:\Users\Siddhatech\.m2\repository\jakarta\enterprise\jakarta.enterprise.lang-model\4.1.0\jakarta.enterprise.lang-model-4.1.0.jar;C:\Users\Siddhatech\.m2\repository\jakarta\el\jakarta.el-api\5.0.1\jakarta.el-api-5.0.1.jar;C:\Users\Siddhatech\.m2\repository\jakarta\interceptor\jakarta.interceptor-api\2.2.0\jakarta.interceptor-api-2.2.0.jar;C:\Users\Siddhatech\.m2\repository\jakarta\inject\jakarta.inject-api\2.0.1\jakarta.inject-api-2.0.1.jar;C:\Users\Siddhatech\.m2\repository\jakarta\annotation\jakarta.annotation-api\3.0.0\jakarta.annotation-api-3.0.0.jar;C:\Users\Siddhatech\.m2\repository\jakarta\ws\rs\jakarta.ws.rs-api\3.1.0\jakarta.ws.rs-api-3.1.0.jar;"/>
    <property name="sun.cpu.endian" value="little"/>
    <property name="user.home" value="C:\Users\Siddhatech"/>
    <property name="user.language" value="en"/>
    <property name="jboss.log-version" value="false"/>
    <property name="java.specification.vendor" value="Oracle Corporation"/>
    <property name="java.version.date" value="2024-10-15"/>
    <property name="java.home" value="C:\Program Files\Java\jdk-21"/>
    <property name="file.separator" value="\"/>
    <property name="basedir" value="D:\Shubham Practice Data\crypto-util-extension\deployment"/>
    <property name="maven.repo" value="C:\Users\Siddhatech\.m2\repository"/>
    <property name="java.vm.compressedOopsMode" value="Zero based"/>
    <property name="line.separator" value="&#10;"/>
    <property name="java.vm.specification.vendor" value="Oracle Corporation"/>
    <property name="java.specification.name" value="Java Platform API Specification"/>
    <property name="java.nio.channels.DefaultThreadPool.threadFactory" value="io.quarkus.dev.io.NioThreadPoolThreadFactory"/>
    <property name="surefire.real.class.path" value="C:\Users\Siddhatech\AppData\Local\Temp\surefire5703863204712432973\surefirebooter-20250305145637505_3.jar"/>
    <property name="user.script" value=""/>
    <property name="sun.management.compiler" value="HotSpot 64-Bit Tiered Compilers"/>
    <property name="java.runtime.version" value="21.0.5+9-LTS-239"/>
    <property name="user.name" value="Siddhatech"/>
    <property name="stdout.encoding" value="Cp1252"/>
    <property name="path.separator" value=";"/>
    <property name="os.version" value="10.0"/>
    <property name="java.runtime.name" value="Java(TM) SE Runtime Environment"/>
    <property name="file.encoding" value="UTF-8"/>
    <property name="java.vm.name" value="Java HotSpot(TM) 64-Bit Server VM"/>
    <property name="localRepository" value="C:\Users\Siddhatech\.m2\repository"/>
    <property name="java.vendor.url.bug" value="https://bugreport.java.com/bugreport/"/>
    <property name="java.io.tmpdir" value="C:\Users\SIDDHA~1\AppData\Local\Temp\"/>
    <property name="quarkus.log.file.path" value="target\quarkus.log"/>
    <property name="java.version" value="21.0.5"/>
    <property name="java.util.concurrent.ForkJoinPool.common.threadFactory" value="io.quarkus.bootstrap.forkjoin.QuarkusForkJoinWorkerThreadFactory"/>
    <property name="user.dir" value="D:\Shubham Practice Data\crypto-util-extension\deployment"/>
    <property name="os.arch" value="amd64"/>
    <property name="java.vm.specification.name" value="Java Virtual Machine Specification"/>
    <property name="sun.os.patch.level" value=""/>
    <property name="native.encoding" value="Cp1252"/>
    <property name="java.util.logging.manager" value="org.jboss.logmanager.LogManager"/>
    <property name="java.library.path" value="C:\Program Files\Java\jdk-21\bin;C:\WINDOWS\Sun\Java\bin;C:\WINDOWS\system32;C:\WINDOWS;C:\Program Files\Java\jdk-21\bin;C:\Program Files\Common Files\Oracle\Java\javapath;C:\Program Files (x86)\Common Files\Oracle\Java\java8path;C:\Program Files (x86)\Common Files\Oracle\Java\javapath;C:\WINDOWS\system32;C:\WINDOWS;C:\WINDOWS\System32\Wbem;C:\WINDOWS\System32\WindowsPowerShell\v1.0\;C:\WINDOWS\System32\OpenSSH\;C:\Program Files\dotnet\;C:\Program Files\Git\cmd;C:\Program Files (x86)\Microsoft SQL Server\160\Tools\Binn\;C:\Program Files\Microsoft SQL Server\160\Tools\Binn\;C:\Program Files\Microsoft SQL Server\Client SDK\ODBC\170\Tools\Binn\;C:\Program Files\Microsoft SQL Server\160\DTS\Binn\;C:\Program Files (x86)\Microsoft SQL Server\160\DTS\Binn\;C:\Users\Siddhatech\AppData\Local\Microsoft\WindowsApps;C:\Program Files\Java\jdk-21\bin;C:\Program Files\apache-maven-3.9.9\bin;C:\Program Files\JetBrains\IntelliJ IDEA 2024.3.2.1\bin;;C:\Program Files\JetBrains\IntelliJ IDEA Community Edition 2024.3.2.1\bin;;C:\Users\Siddhatech\AppData\Local\Programs\Microsoft VS Code\bin;."/>
    <property name="jdk.console" value="java.base"/>
    <property name="java.vm.info" value="mixed mode, sharing"/>
    <property name="stderr.encoding" value="Cp1252"/>
    <property name="java.vendor" value="Oracle Corporation"/>
    <property name="java.vm.version" value="21.0.5+9-LTS-239"/>
    <property name="sun.io.unicode.encoding" value="UnicodeLittle"/>
    <property name="java.class.version" value="65.0"/>
  </properties>
  <testcase name="writeYourOwnDevModeTest" classname="com.util.crypto.extension.test.CryptoUtilExtensionDevModeTest" time="4.986">
    <system-out><![CDATA[2025-03-05 14:56:41,672 INFO  [org.jbo.threads] (main) JBoss Threads version 3.8.0.Final
&amp#27;[94mTests paused&amp#27;[39m
__  ____  __  _____   ___  __ ____  ______ 
 --/ __ \/ / / / _ | / _ \/ //_/ / / / __/ 
 -/ /_/ / /_/ / __ |/ , _/ ,< / /_/ /\ \   
--\___\_\____/_/ |_/_/|_/_/|_|\____/___/   
2025-03-05 14:56:43,287 INFO  [io.quarkus] (Quarkus Main Thread) crypto-util-extension-deployment 1.0.0 on JVM (powered by Quarkus 3.19.1) started in 2.426s. 
2025-03-05 14:56:43,289 INFO  [io.quarkus] (Quarkus Main Thread) Profile dev activated. Live Coding activated.
2025-03-05 14:56:43,289 INFO  [io.quarkus] (Quarkus Main Thread) Installed features: [cdi, crypto-util-extension]
2025-03-05 14:56:43,332 INFO  [io.quarkus] (Quarkus Main Thread) crypto-util-extension-deployment stopped in 0.013s
]]></system-out>
  </testcase>
</testsuite>